CRITICAL - 2025-08-03 12:28:35 --> CodeIgniter\Exceptions\CriticalError: The required PHP extension "pgsql" is not loaded. Install and enable it to use "Postgre" driver.
[Method: GET, Route: /]
in SYSTEMPATH\Database\Database.php on line 182.
 1 SYSTEMPATH\Database\Database.php(59): CodeIgniter\Database\Database->checkDbExtension('Postgre')
 2 SYSTEMPATH\Database\Config.php(82): CodeIgniter\Database\Database->load([...], 'default')
 3 SYSTEMPATH\Model.php(155): CodeIgniter\Database\Config::connect('default')
 4 APPPATH\Filters\FilterCekPercobaanLogin.php(20): CodeIgniter\Model->__construct()
 5 SYSTEMPATH\Filters\Filters.php(241): App\Filters\FilterCekPercobaanLogin->before(Object(CodeIgniter\HTTP\IncomingRequest), null)
 6 SYSTEMPATH\Filters\Filters.php(221): CodeIgniter\Filters\Filters->runBefore([...])
 7 SYSTEMPATH\CodeIgniter.php(479): CodeIgniter\Filters\Filters->run('', 'before')
 8 SYSTEMPATH\CodeIgniter.php(354): CodeIgniter\CodeIgniter->handleRequest(null, Object(Config\Cache), false)
 9 SYSTEMPATH\Boot.php(334): CodeIgniter\CodeIgniter->run()
10 SYSTEMPATH\Boot.php(67): CodeIgniter\Boot::runCodeIgniter(Object(CodeIgniter\CodeIgniter))
11 FCPATH\index.php(60): CodeIgniter\Boot::bootWeb(Object(Config\Paths))
ERROR - 2025-08-03 12:34:33 --> Error connecting to the database: ErrorException: pg_connect(): Unable to connect to PostgreSQL server: FATAL:  password authentication failed for user &quot;postgres&quot; in C:\laragon\www\manajemenuser\system\Database\Postgre\Connection.php:78
Stack trace:
#0 [internal function]: CodeIgniter\Debug\Exceptions->errorHandler(2, 'pg_connect(): U...', 'C:\\laragon\\www\\...', 78)
#1 C:\laragon\www\manajemenuser\system\Database\Postgre\Connection.php(78): pg_connect('host=localhost ...')
#2 C:\laragon\www\manajemenuser\system\Database\BaseConnection.php(421): CodeIgniter\Database\Postgre\Connection->connect(false)
#3 C:\laragon\www\manajemenuser\system\Database\BaseConnection.php(620): CodeIgniter\Database\BaseConnection->initialize()
#4 C:\laragon\www\manajemenuser\system\Database\BaseBuilder.php(1733): CodeIgniter\Database\BaseConnection->query('SELECT COUNT(*)...', Array, false)
#5 C:\laragon\www\manajemenuser\system\Model.php(676): CodeIgniter\Database\BaseBuilder->countAllResults(true)
#6 C:\laragon\www\manajemenuser\app\Models\IpBlockModel.php(16): CodeIgniter\Model->countAllResults()
#7 C:\laragon\www\manajemenuser\app\Filters\FilterCekPercobaanLogin.php(28): App\Models\IpBlockModel->isIpBlocked('::1')
#8 C:\laragon\www\manajemenuser\system\Filters\Filters.php(241): App\Filters\FilterCekPercobaanLogin->before(Object(CodeIgniter\HTTP\IncomingRequest), NULL)
#9 C:\laragon\www\manajemenuser\system\Filters\Filters.php(221): CodeIgniter\Filters\Filters->runBefore(Array)
#10 C:\laragon\www\manajemenuser\system\CodeIgniter.php(479): CodeIgniter\Filters\Filters->run('', 'before')
#11 C:\laragon\www\manajemenuser\system\CodeIgniter.php(354): CodeIgniter\CodeIgniter->handleRequest(NULL, Object(Config\Cache), false)
#12 C:\laragon\www\manajemenuser\system\Boot.php(334): CodeIgniter\CodeIgniter->run()
#13 C:\laragon\www\manajemenuser\system\Boot.php(67): CodeIgniter\Boot::runCodeIgniter(Object(CodeIgniter\CodeIgniter))
#14 C:\laragon\www\manajemenuser\index.php(60): CodeIgniter\Boot::bootWeb(Object(Config\Paths))
#15 {main}
CRITICAL - 2025-08-03 12:34:33 --> CodeIgniter\Database\Exceptions\DatabaseException: Unable to connect to the database.
Main connection [Postgre]: pg_connect(): Unable to connect to PostgreSQL server: FATAL:  password authentication failed for user &quot;postgres&quot;
[Method: GET, Route: /]
in SYSTEMPATH\Database\BaseConnection.php on line 467.
 1 SYSTEMPATH\Database\BaseConnection.php(620): CodeIgniter\Database\BaseConnection->initialize()
 2 SYSTEMPATH\Database\BaseBuilder.php(1733): CodeIgniter\Database\BaseConnection->query('SELECT COUNT(*) AS "numrows"
FROM "auth"."ip_blocks"
WHERE "ip_address" = :ip_address:', [...], false)
 3 SYSTEMPATH\Model.php(676): CodeIgniter\Database\BaseBuilder->countAllResults(true)
 4 APPPATH\Models\IpBlockModel.php(16): CodeIgniter\Model->countAllResults()
 5 APPPATH\Filters\FilterCekPercobaanLogin.php(28): App\Models\IpBlockModel->isIpBlocked('::1')
 6 SYSTEMPATH\Filters\Filters.php(241): App\Filters\FilterCekPercobaanLogin->before(Object(CodeIgniter\HTTP\IncomingRequest), null)
 7 SYSTEMPATH\Filters\Filters.php(221): CodeIgniter\Filters\Filters->runBefore([...])
 8 SYSTEMPATH\CodeIgniter.php(479): CodeIgniter\Filters\Filters->run('', 'before')
 9 SYSTEMPATH\CodeIgniter.php(354): CodeIgniter\CodeIgniter->handleRequest(null, Object(Config\Cache), false)
10 SYSTEMPATH\Boot.php(334): CodeIgniter\CodeIgniter->run()
11 SYSTEMPATH\Boot.php(67): CodeIgniter\Boot::runCodeIgniter(Object(CodeIgniter\CodeIgniter))
12 FCPATH\index.php(60): CodeIgniter\Boot::bootWeb(Object(Config\Paths))
ERROR - 2025-08-03 12:34:42 --> Error connecting to the database: ErrorException: pg_connect(): Unable to connect to PostgreSQL server: FATAL:  password authentication failed for user &quot;postgres&quot; in C:\laragon\www\manajemenuser\system\Database\Postgre\Connection.php:78
Stack trace:
#0 [internal function]: CodeIgniter\Debug\Exceptions->errorHandler(2, 'pg_connect(): U...', 'C:\\laragon\\www\\...', 78)
#1 C:\laragon\www\manajemenuser\system\Database\Postgre\Connection.php(78): pg_connect('host=localhost ...')
#2 C:\laragon\www\manajemenuser\system\Database\BaseConnection.php(421): CodeIgniter\Database\Postgre\Connection->connect(false)
#3 C:\laragon\www\manajemenuser\system\Database\BaseConnection.php(620): CodeIgniter\Database\BaseConnection->initialize()
#4 C:\laragon\www\manajemenuser\system\Database\BaseBuilder.php(1733): CodeIgniter\Database\BaseConnection->query('SELECT COUNT(*)...', Array, false)
#5 C:\laragon\www\manajemenuser\system\Model.php(676): CodeIgniter\Database\BaseBuilder->countAllResults(true)
#6 C:\laragon\www\manajemenuser\app\Models\IpBlockModel.php(16): CodeIgniter\Model->countAllResults()
#7 C:\laragon\www\manajemenuser\app\Filters\FilterCekPercobaanLogin.php(28): App\Models\IpBlockModel->isIpBlocked('::1')
#8 C:\laragon\www\manajemenuser\system\Filters\Filters.php(241): App\Filters\FilterCekPercobaanLogin->before(Object(CodeIgniter\HTTP\IncomingRequest), NULL)
#9 C:\laragon\www\manajemenuser\system\Filters\Filters.php(221): CodeIgniter\Filters\Filters->runBefore(Array)
#10 C:\laragon\www\manajemenuser\system\CodeIgniter.php(479): CodeIgniter\Filters\Filters->run('', 'before')
#11 C:\laragon\www\manajemenuser\system\CodeIgniter.php(354): CodeIgniter\CodeIgniter->handleRequest(NULL, Object(Config\Cache), false)
#12 C:\laragon\www\manajemenuser\system\Boot.php(334): CodeIgniter\CodeIgniter->run()
#13 C:\laragon\www\manajemenuser\system\Boot.php(67): CodeIgniter\Boot::runCodeIgniter(Object(CodeIgniter\CodeIgniter))
#14 C:\laragon\www\manajemenuser\index.php(60): CodeIgniter\Boot::bootWeb(Object(Config\Paths))
#15 {main}
CRITICAL - 2025-08-03 12:34:42 --> CodeIgniter\Database\Exceptions\DatabaseException: Unable to connect to the database.
Main connection [Postgre]: pg_connect(): Unable to connect to PostgreSQL server: FATAL:  password authentication failed for user &quot;postgres&quot;
[Method: GET, Route: /]
in SYSTEMPATH\Database\BaseConnection.php on line 467.
 1 SYSTEMPATH\Database\BaseConnection.php(620): CodeIgniter\Database\BaseConnection->initialize()
 2 SYSTEMPATH\Database\BaseBuilder.php(1733): CodeIgniter\Database\BaseConnection->query('SELECT COUNT(*) AS "numrows"
FROM "auth"."ip_blocks"
WHERE "ip_address" = :ip_address:', [...], false)
 3 SYSTEMPATH\Model.php(676): CodeIgniter\Database\BaseBuilder->countAllResults(true)
 4 APPPATH\Models\IpBlockModel.php(16): CodeIgniter\Model->countAllResults()
 5 APPPATH\Filters\FilterCekPercobaanLogin.php(28): App\Models\IpBlockModel->isIpBlocked('::1')
 6 SYSTEMPATH\Filters\Filters.php(241): App\Filters\FilterCekPercobaanLogin->before(Object(CodeIgniter\HTTP\IncomingRequest), null)
 7 SYSTEMPATH\Filters\Filters.php(221): CodeIgniter\Filters\Filters->runBefore([...])
 8 SYSTEMPATH\CodeIgniter.php(479): CodeIgniter\Filters\Filters->run('', 'before')
 9 SYSTEMPATH\CodeIgniter.php(354): CodeIgniter\CodeIgniter->handleRequest(null, Object(Config\Cache), false)
10 SYSTEMPATH\Boot.php(334): CodeIgniter\CodeIgniter->run()
11 SYSTEMPATH\Boot.php(67): CodeIgniter\Boot::runCodeIgniter(Object(CodeIgniter\CodeIgniter))
12 FCPATH\index.php(60): CodeIgniter\Boot::bootWeb(Object(Config\Paths))
CRITICAL - 2025-08-03 13:43:58 --> CodeIgniter\Exceptions\ConfigException: Invalid DBDriver name: "postgre"
[Method: GET, Route: /]
in SYSTEMPATH\Database\Database.php on line 172.
 1 SYSTEMPATH\Database\Database.php(59): CodeIgniter\Database\Database->checkDbExtension('postgre')
 2 SYSTEMPATH\Database\Config.php(82): CodeIgniter\Database\Database->load([...], 'default')
 3 SYSTEMPATH\Model.php(155): CodeIgniter\Database\Config::connect('default')
 4 APPPATH\Filters\FilterCekPercobaanLogin.php(20): CodeIgniter\Model->__construct()
 5 SYSTEMPATH\Filters\Filters.php(241): App\Filters\FilterCekPercobaanLogin->before(Object(CodeIgniter\HTTP\IncomingRequest), null)
 6 SYSTEMPATH\Filters\Filters.php(221): CodeIgniter\Filters\Filters->runBefore([...])
 7 SYSTEMPATH\CodeIgniter.php(479): CodeIgniter\Filters\Filters->run('', 'before')
 8 SYSTEMPATH\CodeIgniter.php(354): CodeIgniter\CodeIgniter->handleRequest(null, Object(Config\Cache), false)
 9 SYSTEMPATH\Boot.php(334): CodeIgniter\CodeIgniter->run()
10 SYSTEMPATH\Boot.php(67): CodeIgniter\Boot::runCodeIgniter(Object(CodeIgniter\CodeIgniter))
11 FCPATH\index.php(60): CodeIgniter\Boot::bootWeb(Object(Config\Paths))
INFO - 2025-08-03 14:32:28 --> CSRF token verified.
INFO - 2025-08-03 14:32:48 --> CSRF token verified.
INFO - 2025-08-03 14:33:16 --> CSRF token verified.
INFO - 2025-08-03 14:34:10 --> CSRF token verified.
