DEBUG - 2025-08-11 01:09:29 --> Session: Class initialized using 'CodeIgniter\Session\Handlers\FileHandler' driver.
INFO - 2025-08-11 01:09:44 --> CSRF token verified.
DEBUG - 2025-08-11 01:09:44 --> Session: Class initialized using 'CodeIgniter\Session\Handlers\FileHandler' driver.
DEBUG - 2025-08-11 01:09:44 --> Session: Class initialized using 'CodeIgniter\Session\Handlers\FileHandler' driver.
DEBUG - 2025-08-11 01:09:50 --> Session: Class initialized using 'CodeIgniter\Session\Handlers\FileHandler' driver.
DEBUG - 2025-08-11 01:18:52 --> Session: Class initialized using 'CodeIgniter\Session\Handlers\FileHandler' driver.
INFO - 2025-08-11 01:19:32 --> CSRF token verified.
DEBUG - 2025-08-11 01:19:32 --> Session: Class initialized using 'CodeIgniter\Session\Handlers\FileHandler' driver.
DEBUG - 2025-08-11 01:19:32 --> Session: Class initialized using 'CodeIgniter\Session\Handlers\FileHandler' driver.
DEBUG - 2025-08-11 01:19:38 --> Session: Class initialized using 'CodeIgniter\Session\Handlers\FileHandler' driver.
ERROR - 2025-08-11 01:19:38 --> ErrorException: pg_query(): Query failed: ERROR:  relation &quot;tamu&quot; does not exist
LINE 2: FROM &quot;tamu&quot;
             ^ in D:\Laragon\www\bukutamu_x_LOGIN\system\Database\Postgre\Connection.php:206
Stack trace:
#0 [internal function]: CodeIgniter\Debug\Exceptions->errorHandler(2, 'pg_query(): Que...', 'D:\\Laragon\\www\\...', 206)
#1 D:\Laragon\www\bukutamu_x_LOGIN\system\Database\Postgre\Connection.php(206): pg_query(Object(PgSql\Connection), 'SELECT COUNT(*)...')
#2 D:\Laragon\www\bukutamu_x_LOGIN\system\Database\BaseConnection.php(738): CodeIgniter\Database\Postgre\Connection->execute('SELECT COUNT(*)...')
#3 D:\Laragon\www\bukutamu_x_LOGIN\system\Database\BaseConnection.php(652): CodeIgniter\Database\BaseConnection->simpleQuery('SELECT COUNT(*)...')
#4 D:\Laragon\www\bukutamu_x_LOGIN\system\Database\BaseBuilder.php(1733): CodeIgniter\Database\BaseConnection->query('SELECT COUNT(*)...', Array, false)
#5 D:\Laragon\www\bukutamu_x_LOGIN\system\Model.php(676): CodeIgniter\Database\BaseBuilder->countAllResults(true)
#6 D:\Laragon\www\bukutamu_x_LOGIN\app\Controllers\Admin\Dashboard.php(26): CodeIgniter\Model->countAllResults()
#7 D:\Laragon\www\bukutamu_x_LOGIN\system\CodeIgniter.php(933): App\Controllers\Admin\Dashboard->index()
#8 D:\Laragon\www\bukutamu_x_LOGIN\system\CodeIgniter.php(507): CodeIgniter\CodeIgniter->runController(Object(App\Controllers\Admin\Dashboard))
#9 D:\Laragon\www\bukutamu_x_LOGIN\system\CodeIgniter.php(354): CodeIgniter\CodeIgniter->handleRequest(NULL, Object(Config\Cache), false)
#10 D:\Laragon\www\bukutamu_x_LOGIN\system\Boot.php(334): CodeIgniter\CodeIgniter->run()
#11 D:\Laragon\www\bukutamu_x_LOGIN\system\Boot.php(67): CodeIgniter\Boot::runCodeIgniter(Object(CodeIgniter\CodeIgniter))
#12 D:\Laragon\www\bukutamu_x_LOGIN\index.php(60): CodeIgniter\Boot::bootWeb(Object(Config\Paths))
#13 {main}
CRITICAL - 2025-08-11 01:19:38 --> CodeIgniter\Database\Exceptions\DatabaseException: pg_query(): Query failed: ERROR:  relation &quot;tamu&quot; does not exist
LINE 2: FROM &quot;tamu&quot;
             ^
[Method: GET, Route: admin]
in SYSTEMPATH\Database\BaseConnection.php on line 692.
 1 SYSTEMPATH\Database\BaseBuilder.php(1733): CodeIgniter\Database\BaseConnection->query('SELECT COUNT(*) AS "numrows"
FROM "tamu"
WHERE EXTRACT(MONTH FROM created_at) = :EXTRACT(MONTH FROM created_at):
AND EXTRACT(YEAR FROM created_at) = :EXTRACT(YEAR FROM created_at):', [...], false)
 2 SYSTEMPATH\Model.php(676): CodeIgniter\Database\BaseBuilder->countAllResults(true)
 3 APPPATH\Controllers\Admin\Dashboard.php(26): CodeIgniter\Model->countAllResults()
 4 SYSTEMPATH\CodeIgniter.php(933): App\Controllers\Admin\Dashboard->index()
 5 SYSTEMPATH\CodeIgniter.php(507): CodeIgniter\CodeIgniter->runController(Object(App\Controllers\Admin\Dashboard))
 6 SYSTEMPATH\CodeIgniter.php(354): CodeIgniter\CodeIgniter->handleRequest(null, Object(Config\Cache), false)
 7 SYSTEMPATH\Boot.php(334): CodeIgniter\CodeIgniter->run()
 8 SYSTEMPATH\Boot.php(67): CodeIgniter\Boot::runCodeIgniter(Object(CodeIgniter\CodeIgniter))
 9 FCPATH\index.php(60): CodeIgniter\Boot::bootWeb(Object(Config\Paths))
CRITICAL - 2025-08-11 01:19:38 --> [Caused by] CodeIgniter\Database\Exceptions\DatabaseException: pg_query(): Query failed: ERROR:  relation &quot;tamu&quot; does not exist
LINE 2: FROM &quot;tamu&quot;
             ^
in SYSTEMPATH\Database\Postgre\Connection.php on line 211.
 1 SYSTEMPATH\Database\BaseConnection.php(738): CodeIgniter\Database\Postgre\Connection->execute('SELECT COUNT(*) AS "numrows"
FROM "tamu"
WHERE EXTRACT(MONTH FROM created_at) = \'08\'
AND EXTRACT(YEAR FROM created_at) = \'2025\'')
 2 SYSTEMPATH\Database\BaseConnection.php(652): CodeIgniter\Database\BaseConnection->simpleQuery('SELECT COUNT(*) AS "numrows"
FROM "tamu"
WHERE EXTRACT(MONTH FROM created_at) = \'08\'
AND EXTRACT(YEAR FROM created_at) = \'2025\'')
 3 SYSTEMPATH\Database\BaseBuilder.php(1733): CodeIgniter\Database\BaseConnection->query('SELECT COUNT(*) AS "numrows"
FROM "tamu"
WHERE EXTRACT(MONTH FROM created_at) = :EXTRACT(MONTH FROM created_at):
AND EXTRACT(YEAR FROM created_at) = :EXTRACT(YEAR FROM created_at):', [...], false)
 4 SYSTEMPATH\Model.php(676): CodeIgniter\Database\BaseBuilder->countAllResults(true)
 5 APPPATH\Controllers\Admin\Dashboard.php(26): CodeIgniter\Model->countAllResults()
 6 SYSTEMPATH\CodeIgniter.php(933): App\Controllers\Admin\Dashboard->index()
 7 SYSTEMPATH\CodeIgniter.php(507): CodeIgniter\CodeIgniter->runController(Object(App\Controllers\Admin\Dashboard))
 8 SYSTEMPATH\CodeIgniter.php(354): CodeIgniter\CodeIgniter->handleRequest(null, Object(Config\Cache), false)
 9 SYSTEMPATH\Boot.php(334): CodeIgniter\CodeIgniter->run()
10 SYSTEMPATH\Boot.php(67): CodeIgniter\Boot::runCodeIgniter(Object(CodeIgniter\CodeIgniter))
11 FCPATH\index.php(60): CodeIgniter\Boot::bootWeb(Object(Config\Paths))
CRITICAL - 2025-08-11 01:19:38 --> [Caused by] ErrorException: pg_query(): Query failed: ERROR:  relation &quot;tamu&quot; does not exist
LINE 2: FROM &quot;tamu&quot;
             ^
in SYSTEMPATH\Database\Postgre\Connection.php on line 206.
 1 [internal function]: CodeIgniter\Debug\Exceptions->errorHandler(2, 'pg_query(): Query failed: ERROR:  relation &quot;tamu&quot; does not exist
LINE 2: FROM &quot;tamu&quot;
             ^', 'D:\\Laragon\\www\\bukutamu_x_LOGIN\\system\\Database\\Postgre\\Connection.php', 206)
 2 SYSTEMPATH\Database\Postgre\Connection.php(206): pg_query(Object(PgSql\Connection), 'SELECT COUNT(*) AS "numrows"
FROM "tamu"
WHERE EXTRACT(MONTH FROM created_at) = \'08\'
AND EXTRACT(YEAR FROM created_at) = \'2025\'')
 3 SYSTEMPATH\Database\BaseConnection.php(738): CodeIgniter\Database\Postgre\Connection->execute('SELECT COUNT(*) AS "numrows"
FROM "tamu"
WHERE EXTRACT(MONTH FROM created_at) = \'08\'
AND EXTRACT(YEAR FROM created_at) = \'2025\'')
 4 SYSTEMPATH\Database\BaseConnection.php(652): CodeIgniter\Database\BaseConnection->simpleQuery('SELECT COUNT(*) AS "numrows"
FROM "tamu"
WHERE EXTRACT(MONTH FROM created_at) = \'08\'
AND EXTRACT(YEAR FROM created_at) = \'2025\'')
 5 SYSTEMPATH\Database\BaseBuilder.php(1733): CodeIgniter\Database\BaseConnection->query('SELECT COUNT(*) AS "numrows"
FROM "tamu"
WHERE EXTRACT(MONTH FROM created_at) = :EXTRACT(MONTH FROM created_at):
AND EXTRACT(YEAR FROM created_at) = :EXTRACT(YEAR FROM created_at):', [...], false)
 6 SYSTEMPATH\Model.php(676): CodeIgniter\Database\BaseBuilder->countAllResults(true)
 7 APPPATH\Controllers\Admin\Dashboard.php(26): CodeIgniter\Model->countAllResults()
 8 SYSTEMPATH\CodeIgniter.php(933): App\Controllers\Admin\Dashboard->index()
 9 SYSTEMPATH\CodeIgniter.php(507): CodeIgniter\CodeIgniter->runController(Object(App\Controllers\Admin\Dashboard))
10 SYSTEMPATH\CodeIgniter.php(354): CodeIgniter\CodeIgniter->handleRequest(null, Object(Config\Cache), false)
11 SYSTEMPATH\Boot.php(334): CodeIgniter\CodeIgniter->run()
12 SYSTEMPATH\Boot.php(67): CodeIgniter\Boot::runCodeIgniter(Object(CodeIgniter\CodeIgniter))
13 FCPATH\index.php(60): CodeIgniter\Boot::bootWeb(Object(Config\Paths))
DEBUG - 2025-08-11 01:20:48 --> Session: Class initialized using 'CodeIgniter\Session\Handlers\FileHandler' driver.
ERROR - 2025-08-11 01:20:48 --> ErrorException: pg_query(): Query failed: ERROR:  relation &quot;tamu&quot; does not exist
LINE 2: FROM &quot;tamu&quot;
             ^ in D:\Laragon\www\bukutamu_x_LOGIN\system\Database\Postgre\Connection.php:206
Stack trace:
#0 [internal function]: CodeIgniter\Debug\Exceptions->errorHandler(2, 'pg_query(): Que...', 'D:\\Laragon\\www\\...', 206)
#1 D:\Laragon\www\bukutamu_x_LOGIN\system\Database\Postgre\Connection.php(206): pg_query(Object(PgSql\Connection), 'SELECT COUNT(*)...')
#2 D:\Laragon\www\bukutamu_x_LOGIN\system\Database\BaseConnection.php(738): CodeIgniter\Database\Postgre\Connection->execute('SELECT COUNT(*)...')
#3 D:\Laragon\www\bukutamu_x_LOGIN\system\Database\BaseConnection.php(652): CodeIgniter\Database\BaseConnection->simpleQuery('SELECT COUNT(*)...')
#4 D:\Laragon\www\bukutamu_x_LOGIN\system\Database\BaseBuilder.php(1733): CodeIgniter\Database\BaseConnection->query('SELECT COUNT(*)...', Array, false)
#5 D:\Laragon\www\bukutamu_x_LOGIN\system\Model.php(676): CodeIgniter\Database\BaseBuilder->countAllResults(true)
#6 D:\Laragon\www\bukutamu_x_LOGIN\app\Controllers\Admin\Dashboard.php(26): CodeIgniter\Model->countAllResults()
#7 D:\Laragon\www\bukutamu_x_LOGIN\system\CodeIgniter.php(933): App\Controllers\Admin\Dashboard->index()
#8 D:\Laragon\www\bukutamu_x_LOGIN\system\CodeIgniter.php(507): CodeIgniter\CodeIgniter->runController(Object(App\Controllers\Admin\Dashboard))
#9 D:\Laragon\www\bukutamu_x_LOGIN\system\CodeIgniter.php(354): CodeIgniter\CodeIgniter->handleRequest(NULL, Object(Config\Cache), false)
#10 D:\Laragon\www\bukutamu_x_LOGIN\system\Boot.php(334): CodeIgniter\CodeIgniter->run()
#11 D:\Laragon\www\bukutamu_x_LOGIN\system\Boot.php(67): CodeIgniter\Boot::runCodeIgniter(Object(CodeIgniter\CodeIgniter))
#12 D:\Laragon\www\bukutamu_x_LOGIN\index.php(60): CodeIgniter\Boot::bootWeb(Object(Config\Paths))
#13 {main}
CRITICAL - 2025-08-11 01:20:48 --> CodeIgniter\Database\Exceptions\DatabaseException: pg_query(): Query failed: ERROR:  relation &quot;tamu&quot; does not exist
LINE 2: FROM &quot;tamu&quot;
             ^
[Method: GET, Route: admin]
in SYSTEMPATH\Database\BaseConnection.php on line 692.
 1 SYSTEMPATH\Database\BaseBuilder.php(1733): CodeIgniter\Database\BaseConnection->query('SELECT COUNT(*) AS "numrows"
FROM "tamu"
WHERE EXTRACT(MONTH FROM created_at) = :EXTRACT(MONTH FROM created_at):
AND EXTRACT(YEAR FROM created_at) = :EXTRACT(YEAR FROM created_at):', [...], false)
 2 SYSTEMPATH\Model.php(676): CodeIgniter\Database\BaseBuilder->countAllResults(true)
 3 APPPATH\Controllers\Admin\Dashboard.php(26): CodeIgniter\Model->countAllResults()
 4 SYSTEMPATH\CodeIgniter.php(933): App\Controllers\Admin\Dashboard->index()
 5 SYSTEMPATH\CodeIgniter.php(507): CodeIgniter\CodeIgniter->runController(Object(App\Controllers\Admin\Dashboard))
 6 SYSTEMPATH\CodeIgniter.php(354): CodeIgniter\CodeIgniter->handleRequest(null, Object(Config\Cache), false)
 7 SYSTEMPATH\Boot.php(334): CodeIgniter\CodeIgniter->run()
 8 SYSTEMPATH\Boot.php(67): CodeIgniter\Boot::runCodeIgniter(Object(CodeIgniter\CodeIgniter))
 9 FCPATH\index.php(60): CodeIgniter\Boot::bootWeb(Object(Config\Paths))
CRITICAL - 2025-08-11 01:20:48 --> [Caused by] CodeIgniter\Database\Exceptions\DatabaseException: pg_query(): Query failed: ERROR:  relation &quot;tamu&quot; does not exist
LINE 2: FROM &quot;tamu&quot;
             ^
in SYSTEMPATH\Database\Postgre\Connection.php on line 211.
 1 SYSTEMPATH\Database\BaseConnection.php(738): CodeIgniter\Database\Postgre\Connection->execute('SELECT COUNT(*) AS "numrows"
FROM "tamu"
WHERE EXTRACT(MONTH FROM created_at) = \'08\'
AND EXTRACT(YEAR FROM created_at) = \'2025\'')
 2 SYSTEMPATH\Database\BaseConnection.php(652): CodeIgniter\Database\BaseConnection->simpleQuery('SELECT COUNT(*) AS "numrows"
FROM "tamu"
WHERE EXTRACT(MONTH FROM created_at) = \'08\'
AND EXTRACT(YEAR FROM created_at) = \'2025\'')
 3 SYSTEMPATH\Database\BaseBuilder.php(1733): CodeIgniter\Database\BaseConnection->query('SELECT COUNT(*) AS "numrows"
FROM "tamu"
WHERE EXTRACT(MONTH FROM created_at) = :EXTRACT(MONTH FROM created_at):
AND EXTRACT(YEAR FROM created_at) = :EXTRACT(YEAR FROM created_at):', [...], false)
 4 SYSTEMPATH\Model.php(676): CodeIgniter\Database\BaseBuilder->countAllResults(true)
 5 APPPATH\Controllers\Admin\Dashboard.php(26): CodeIgniter\Model->countAllResults()
 6 SYSTEMPATH\CodeIgniter.php(933): App\Controllers\Admin\Dashboard->index()
 7 SYSTEMPATH\CodeIgniter.php(507): CodeIgniter\CodeIgniter->runController(Object(App\Controllers\Admin\Dashboard))
 8 SYSTEMPATH\CodeIgniter.php(354): CodeIgniter\CodeIgniter->handleRequest(null, Object(Config\Cache), false)
 9 SYSTEMPATH\Boot.php(334): CodeIgniter\CodeIgniter->run()
10 SYSTEMPATH\Boot.php(67): CodeIgniter\Boot::runCodeIgniter(Object(CodeIgniter\CodeIgniter))
11 FCPATH\index.php(60): CodeIgniter\Boot::bootWeb(Object(Config\Paths))
CRITICAL - 2025-08-11 01:20:48 --> [Caused by] ErrorException: pg_query(): Query failed: ERROR:  relation &quot;tamu&quot; does not exist
LINE 2: FROM &quot;tamu&quot;
             ^
in SYSTEMPATH\Database\Postgre\Connection.php on line 206.
 1 [internal function]: CodeIgniter\Debug\Exceptions->errorHandler(2, 'pg_query(): Query failed: ERROR:  relation &quot;tamu&quot; does not exist
LINE 2: FROM &quot;tamu&quot;
             ^', 'D:\\Laragon\\www\\bukutamu_x_LOGIN\\system\\Database\\Postgre\\Connection.php', 206)
 2 SYSTEMPATH\Database\Postgre\Connection.php(206): pg_query(Object(PgSql\Connection), 'SELECT COUNT(*) AS "numrows"
FROM "tamu"
WHERE EXTRACT(MONTH FROM created_at) = \'08\'
AND EXTRACT(YEAR FROM created_at) = \'2025\'')
 3 SYSTEMPATH\Database\BaseConnection.php(738): CodeIgniter\Database\Postgre\Connection->execute('SELECT COUNT(*) AS "numrows"
FROM "tamu"
WHERE EXTRACT(MONTH FROM created_at) = \'08\'
AND EXTRACT(YEAR FROM created_at) = \'2025\'')
 4 SYSTEMPATH\Database\BaseConnection.php(652): CodeIgniter\Database\BaseConnection->simpleQuery('SELECT COUNT(*) AS "numrows"
FROM "tamu"
WHERE EXTRACT(MONTH FROM created_at) = \'08\'
AND EXTRACT(YEAR FROM created_at) = \'2025\'')
 5 SYSTEMPATH\Database\BaseBuilder.php(1733): CodeIgniter\Database\BaseConnection->query('SELECT COUNT(*) AS "numrows"
FROM "tamu"
WHERE EXTRACT(MONTH FROM created_at) = :EXTRACT(MONTH FROM created_at):
AND EXTRACT(YEAR FROM created_at) = :EXTRACT(YEAR FROM created_at):', [...], false)
 6 SYSTEMPATH\Model.php(676): CodeIgniter\Database\BaseBuilder->countAllResults(true)
 7 APPPATH\Controllers\Admin\Dashboard.php(26): CodeIgniter\Model->countAllResults()
 8 SYSTEMPATH\CodeIgniter.php(933): App\Controllers\Admin\Dashboard->index()
 9 SYSTEMPATH\CodeIgniter.php(507): CodeIgniter\CodeIgniter->runController(Object(App\Controllers\Admin\Dashboard))
10 SYSTEMPATH\CodeIgniter.php(354): CodeIgniter\CodeIgniter->handleRequest(null, Object(Config\Cache), false)
11 SYSTEMPATH\Boot.php(334): CodeIgniter\CodeIgniter->run()
12 SYSTEMPATH\Boot.php(67): CodeIgniter\Boot::runCodeIgniter(Object(CodeIgniter\CodeIgniter))
13 FCPATH\index.php(60): CodeIgniter\Boot::bootWeb(Object(Config\Paths))
DEBUG - 2025-08-11 01:20:50 --> Session: Class initialized using 'CodeIgniter\Session\Handlers\FileHandler' driver.
ERROR - 2025-08-11 01:20:50 --> ErrorException: pg_query(): Query failed: ERROR:  relation &quot;tamu&quot; does not exist
LINE 2: FROM &quot;tamu&quot;
             ^ in D:\Laragon\www\bukutamu_x_LOGIN\system\Database\Postgre\Connection.php:206
Stack trace:
#0 [internal function]: CodeIgniter\Debug\Exceptions->errorHandler(2, 'pg_query(): Que...', 'D:\\Laragon\\www\\...', 206)
#1 D:\Laragon\www\bukutamu_x_LOGIN\system\Database\Postgre\Connection.php(206): pg_query(Object(PgSql\Connection), 'SELECT COUNT(*)...')
#2 D:\Laragon\www\bukutamu_x_LOGIN\system\Database\BaseConnection.php(738): CodeIgniter\Database\Postgre\Connection->execute('SELECT COUNT(*)...')
#3 D:\Laragon\www\bukutamu_x_LOGIN\system\Database\BaseConnection.php(652): CodeIgniter\Database\BaseConnection->simpleQuery('SELECT COUNT(*)...')
#4 D:\Laragon\www\bukutamu_x_LOGIN\system\Database\BaseBuilder.php(1733): CodeIgniter\Database\BaseConnection->query('SELECT COUNT(*)...', Array, false)
#5 D:\Laragon\www\bukutamu_x_LOGIN\system\Model.php(676): CodeIgniter\Database\BaseBuilder->countAllResults(true)
#6 D:\Laragon\www\bukutamu_x_LOGIN\app\Controllers\Admin\Dashboard.php(26): CodeIgniter\Model->countAllResults()
#7 D:\Laragon\www\bukutamu_x_LOGIN\system\CodeIgniter.php(933): App\Controllers\Admin\Dashboard->index()
#8 D:\Laragon\www\bukutamu_x_LOGIN\system\CodeIgniter.php(507): CodeIgniter\CodeIgniter->runController(Object(App\Controllers\Admin\Dashboard))
#9 D:\Laragon\www\bukutamu_x_LOGIN\system\CodeIgniter.php(354): CodeIgniter\CodeIgniter->handleRequest(NULL, Object(Config\Cache), false)
#10 D:\Laragon\www\bukutamu_x_LOGIN\system\Boot.php(334): CodeIgniter\CodeIgniter->run()
#11 D:\Laragon\www\bukutamu_x_LOGIN\system\Boot.php(67): CodeIgniter\Boot::runCodeIgniter(Object(CodeIgniter\CodeIgniter))
#12 D:\Laragon\www\bukutamu_x_LOGIN\index.php(60): CodeIgniter\Boot::bootWeb(Object(Config\Paths))
#13 {main}
CRITICAL - 2025-08-11 01:20:50 --> CodeIgniter\Database\Exceptions\DatabaseException: pg_query(): Query failed: ERROR:  relation &quot;tamu&quot; does not exist
LINE 2: FROM &quot;tamu&quot;
             ^
[Method: GET, Route: admin]
in SYSTEMPATH\Database\BaseConnection.php on line 692.
 1 SYSTEMPATH\Database\BaseBuilder.php(1733): CodeIgniter\Database\BaseConnection->query('SELECT COUNT(*) AS "numrows"
FROM "tamu"
WHERE EXTRACT(MONTH FROM created_at) = :EXTRACT(MONTH FROM created_at):
AND EXTRACT(YEAR FROM created_at) = :EXTRACT(YEAR FROM created_at):', [...], false)
 2 SYSTEMPATH\Model.php(676): CodeIgniter\Database\BaseBuilder->countAllResults(true)
 3 APPPATH\Controllers\Admin\Dashboard.php(26): CodeIgniter\Model->countAllResults()
 4 SYSTEMPATH\CodeIgniter.php(933): App\Controllers\Admin\Dashboard->index()
 5 SYSTEMPATH\CodeIgniter.php(507): CodeIgniter\CodeIgniter->runController(Object(App\Controllers\Admin\Dashboard))
 6 SYSTEMPATH\CodeIgniter.php(354): CodeIgniter\CodeIgniter->handleRequest(null, Object(Config\Cache), false)
 7 SYSTEMPATH\Boot.php(334): CodeIgniter\CodeIgniter->run()
 8 SYSTEMPATH\Boot.php(67): CodeIgniter\Boot::runCodeIgniter(Object(CodeIgniter\CodeIgniter))
 9 FCPATH\index.php(60): CodeIgniter\Boot::bootWeb(Object(Config\Paths))
CRITICAL - 2025-08-11 01:20:50 --> [Caused by] CodeIgniter\Database\Exceptions\DatabaseException: pg_query(): Query failed: ERROR:  relation &quot;tamu&quot; does not exist
LINE 2: FROM &quot;tamu&quot;
             ^
in SYSTEMPATH\Database\Postgre\Connection.php on line 211.
 1 SYSTEMPATH\Database\BaseConnection.php(738): CodeIgniter\Database\Postgre\Connection->execute('SELECT COUNT(*) AS "numrows"
FROM "tamu"
WHERE EXTRACT(MONTH FROM created_at) = \'08\'
AND EXTRACT(YEAR FROM created_at) = \'2025\'')
 2 SYSTEMPATH\Database\BaseConnection.php(652): CodeIgniter\Database\BaseConnection->simpleQuery('SELECT COUNT(*) AS "numrows"
FROM "tamu"
WHERE EXTRACT(MONTH FROM created_at) = \'08\'
AND EXTRACT(YEAR FROM created_at) = \'2025\'')
 3 SYSTEMPATH\Database\BaseBuilder.php(1733): CodeIgniter\Database\BaseConnection->query('SELECT COUNT(*) AS "numrows"
FROM "tamu"
WHERE EXTRACT(MONTH FROM created_at) = :EXTRACT(MONTH FROM created_at):
AND EXTRACT(YEAR FROM created_at) = :EXTRACT(YEAR FROM created_at):', [...], false)
 4 SYSTEMPATH\Model.php(676): CodeIgniter\Database\BaseBuilder->countAllResults(true)
 5 APPPATH\Controllers\Admin\Dashboard.php(26): CodeIgniter\Model->countAllResults()
 6 SYSTEMPATH\CodeIgniter.php(933): App\Controllers\Admin\Dashboard->index()
 7 SYSTEMPATH\CodeIgniter.php(507): CodeIgniter\CodeIgniter->runController(Object(App\Controllers\Admin\Dashboard))
 8 SYSTEMPATH\CodeIgniter.php(354): CodeIgniter\CodeIgniter->handleRequest(null, Object(Config\Cache), false)
 9 SYSTEMPATH\Boot.php(334): CodeIgniter\CodeIgniter->run()
10 SYSTEMPATH\Boot.php(67): CodeIgniter\Boot::runCodeIgniter(Object(CodeIgniter\CodeIgniter))
11 FCPATH\index.php(60): CodeIgniter\Boot::bootWeb(Object(Config\Paths))
CRITICAL - 2025-08-11 01:20:50 --> [Caused by] ErrorException: pg_query(): Query failed: ERROR:  relation &quot;tamu&quot; does not exist
LINE 2: FROM &quot;tamu&quot;
             ^
in SYSTEMPATH\Database\Postgre\Connection.php on line 206.
 1 [internal function]: CodeIgniter\Debug\Exceptions->errorHandler(2, 'pg_query(): Query failed: ERROR:  relation &quot;tamu&quot; does not exist
LINE 2: FROM &quot;tamu&quot;
             ^', 'D:\\Laragon\\www\\bukutamu_x_LOGIN\\system\\Database\\Postgre\\Connection.php', 206)
 2 SYSTEMPATH\Database\Postgre\Connection.php(206): pg_query(Object(PgSql\Connection), 'SELECT COUNT(*) AS "numrows"
FROM "tamu"
WHERE EXTRACT(MONTH FROM created_at) = \'08\'
AND EXTRACT(YEAR FROM created_at) = \'2025\'')
 3 SYSTEMPATH\Database\BaseConnection.php(738): CodeIgniter\Database\Postgre\Connection->execute('SELECT COUNT(*) AS "numrows"
FROM "tamu"
WHERE EXTRACT(MONTH FROM created_at) = \'08\'
AND EXTRACT(YEAR FROM created_at) = \'2025\'')
 4 SYSTEMPATH\Database\BaseConnection.php(652): CodeIgniter\Database\BaseConnection->simpleQuery('SELECT COUNT(*) AS "numrows"
FROM "tamu"
WHERE EXTRACT(MONTH FROM created_at) = \'08\'
AND EXTRACT(YEAR FROM created_at) = \'2025\'')
 5 SYSTEMPATH\Database\BaseBuilder.php(1733): CodeIgniter\Database\BaseConnection->query('SELECT COUNT(*) AS "numrows"
FROM "tamu"
WHERE EXTRACT(MONTH FROM created_at) = :EXTRACT(MONTH FROM created_at):
AND EXTRACT(YEAR FROM created_at) = :EXTRACT(YEAR FROM created_at):', [...], false)
 6 SYSTEMPATH\Model.php(676): CodeIgniter\Database\BaseBuilder->countAllResults(true)
 7 APPPATH\Controllers\Admin\Dashboard.php(26): CodeIgniter\Model->countAllResults()
 8 SYSTEMPATH\CodeIgniter.php(933): App\Controllers\Admin\Dashboard->index()
 9 SYSTEMPATH\CodeIgniter.php(507): CodeIgniter\CodeIgniter->runController(Object(App\Controllers\Admin\Dashboard))
10 SYSTEMPATH\CodeIgniter.php(354): CodeIgniter\CodeIgniter->handleRequest(null, Object(Config\Cache), false)
11 SYSTEMPATH\Boot.php(334): CodeIgniter\CodeIgniter->run()
12 SYSTEMPATH\Boot.php(67): CodeIgniter\Boot::runCodeIgniter(Object(CodeIgniter\CodeIgniter))
13 FCPATH\index.php(60): CodeIgniter\Boot::bootWeb(Object(Config\Paths))
DEBUG - 2025-08-11 01:20:50 --> Session: Class initialized using 'CodeIgniter\Session\Handlers\FileHandler' driver.
ERROR - 2025-08-11 01:20:50 --> ErrorException: pg_query(): Query failed: ERROR:  relation &quot;tamu&quot; does not exist
LINE 2: FROM &quot;tamu&quot;
             ^ in D:\Laragon\www\bukutamu_x_LOGIN\system\Database\Postgre\Connection.php:206
Stack trace:
#0 [internal function]: CodeIgniter\Debug\Exceptions->errorHandler(2, 'pg_query(): Que...', 'D:\\Laragon\\www\\...', 206)
#1 D:\Laragon\www\bukutamu_x_LOGIN\system\Database\Postgre\Connection.php(206): pg_query(Object(PgSql\Connection), 'SELECT COUNT(*)...')
#2 D:\Laragon\www\bukutamu_x_LOGIN\system\Database\BaseConnection.php(738): CodeIgniter\Database\Postgre\Connection->execute('SELECT COUNT(*)...')
#3 D:\Laragon\www\bukutamu_x_LOGIN\system\Database\BaseConnection.php(652): CodeIgniter\Database\BaseConnection->simpleQuery('SELECT COUNT(*)...')
#4 D:\Laragon\www\bukutamu_x_LOGIN\system\Database\BaseBuilder.php(1733): CodeIgniter\Database\BaseConnection->query('SELECT COUNT(*)...', Array, false)
#5 D:\Laragon\www\bukutamu_x_LOGIN\system\Model.php(676): CodeIgniter\Database\BaseBuilder->countAllResults(true)
#6 D:\Laragon\www\bukutamu_x_LOGIN\app\Controllers\Admin\Dashboard.php(26): CodeIgniter\Model->countAllResults()
#7 D:\Laragon\www\bukutamu_x_LOGIN\system\CodeIgniter.php(933): App\Controllers\Admin\Dashboard->index()
#8 D:\Laragon\www\bukutamu_x_LOGIN\system\CodeIgniter.php(507): CodeIgniter\CodeIgniter->runController(Object(App\Controllers\Admin\Dashboard))
#9 D:\Laragon\www\bukutamu_x_LOGIN\system\CodeIgniter.php(354): CodeIgniter\CodeIgniter->handleRequest(NULL, Object(Config\Cache), false)
#10 D:\Laragon\www\bukutamu_x_LOGIN\system\Boot.php(334): CodeIgniter\CodeIgniter->run()
#11 D:\Laragon\www\bukutamu_x_LOGIN\system\Boot.php(67): CodeIgniter\Boot::runCodeIgniter(Object(CodeIgniter\CodeIgniter))
#12 D:\Laragon\www\bukutamu_x_LOGIN\index.php(60): CodeIgniter\Boot::bootWeb(Object(Config\Paths))
#13 {main}
CRITICAL - 2025-08-11 01:20:50 --> CodeIgniter\Database\Exceptions\DatabaseException: pg_query(): Query failed: ERROR:  relation &quot;tamu&quot; does not exist
LINE 2: FROM &quot;tamu&quot;
             ^
[Method: GET, Route: admin]
in SYSTEMPATH\Database\BaseConnection.php on line 692.
 1 SYSTEMPATH\Database\BaseBuilder.php(1733): CodeIgniter\Database\BaseConnection->query('SELECT COUNT(*) AS "numrows"
FROM "tamu"
WHERE EXTRACT(MONTH FROM created_at) = :EXTRACT(MONTH FROM created_at):
AND EXTRACT(YEAR FROM created_at) = :EXTRACT(YEAR FROM created_at):', [...], false)
 2 SYSTEMPATH\Model.php(676): CodeIgniter\Database\BaseBuilder->countAllResults(true)
 3 APPPATH\Controllers\Admin\Dashboard.php(26): CodeIgniter\Model->countAllResults()
 4 SYSTEMPATH\CodeIgniter.php(933): App\Controllers\Admin\Dashboard->index()
 5 SYSTEMPATH\CodeIgniter.php(507): CodeIgniter\CodeIgniter->runController(Object(App\Controllers\Admin\Dashboard))
 6 SYSTEMPATH\CodeIgniter.php(354): CodeIgniter\CodeIgniter->handleRequest(null, Object(Config\Cache), false)
 7 SYSTEMPATH\Boot.php(334): CodeIgniter\CodeIgniter->run()
 8 SYSTEMPATH\Boot.php(67): CodeIgniter\Boot::runCodeIgniter(Object(CodeIgniter\CodeIgniter))
 9 FCPATH\index.php(60): CodeIgniter\Boot::bootWeb(Object(Config\Paths))
CRITICAL - 2025-08-11 01:20:50 --> [Caused by] CodeIgniter\Database\Exceptions\DatabaseException: pg_query(): Query failed: ERROR:  relation &quot;tamu&quot; does not exist
LINE 2: FROM &quot;tamu&quot;
             ^
in SYSTEMPATH\Database\Postgre\Connection.php on line 211.
 1 SYSTEMPATH\Database\BaseConnection.php(738): CodeIgniter\Database\Postgre\Connection->execute('SELECT COUNT(*) AS "numrows"
FROM "tamu"
WHERE EXTRACT(MONTH FROM created_at) = \'08\'
AND EXTRACT(YEAR FROM created_at) = \'2025\'')
 2 SYSTEMPATH\Database\BaseConnection.php(652): CodeIgniter\Database\BaseConnection->simpleQuery('SELECT COUNT(*) AS "numrows"
FROM "tamu"
WHERE EXTRACT(MONTH FROM created_at) = \'08\'
AND EXTRACT(YEAR FROM created_at) = \'2025\'')
 3 SYSTEMPATH\Database\BaseBuilder.php(1733): CodeIgniter\Database\BaseConnection->query('SELECT COUNT(*) AS "numrows"
FROM "tamu"
WHERE EXTRACT(MONTH FROM created_at) = :EXTRACT(MONTH FROM created_at):
AND EXTRACT(YEAR FROM created_at) = :EXTRACT(YEAR FROM created_at):', [...], false)
 4 SYSTEMPATH\Model.php(676): CodeIgniter\Database\BaseBuilder->countAllResults(true)
 5 APPPATH\Controllers\Admin\Dashboard.php(26): CodeIgniter\Model->countAllResults()
 6 SYSTEMPATH\CodeIgniter.php(933): App\Controllers\Admin\Dashboard->index()
 7 SYSTEMPATH\CodeIgniter.php(507): CodeIgniter\CodeIgniter->runController(Object(App\Controllers\Admin\Dashboard))
 8 SYSTEMPATH\CodeIgniter.php(354): CodeIgniter\CodeIgniter->handleRequest(null, Object(Config\Cache), false)
 9 SYSTEMPATH\Boot.php(334): CodeIgniter\CodeIgniter->run()
10 SYSTEMPATH\Boot.php(67): CodeIgniter\Boot::runCodeIgniter(Object(CodeIgniter\CodeIgniter))
11 FCPATH\index.php(60): CodeIgniter\Boot::bootWeb(Object(Config\Paths))
CRITICAL - 2025-08-11 01:20:50 --> [Caused by] ErrorException: pg_query(): Query failed: ERROR:  relation &quot;tamu&quot; does not exist
LINE 2: FROM &quot;tamu&quot;
             ^
in SYSTEMPATH\Database\Postgre\Connection.php on line 206.
 1 [internal function]: CodeIgniter\Debug\Exceptions->errorHandler(2, 'pg_query(): Query failed: ERROR:  relation &quot;tamu&quot; does not exist
LINE 2: FROM &quot;tamu&quot;
             ^', 'D:\\Laragon\\www\\bukutamu_x_LOGIN\\system\\Database\\Postgre\\Connection.php', 206)
 2 SYSTEMPATH\Database\Postgre\Connection.php(206): pg_query(Object(PgSql\Connection), 'SELECT COUNT(*) AS "numrows"
FROM "tamu"
WHERE EXTRACT(MONTH FROM created_at) = \'08\'
AND EXTRACT(YEAR FROM created_at) = \'2025\'')
 3 SYSTEMPATH\Database\BaseConnection.php(738): CodeIgniter\Database\Postgre\Connection->execute('SELECT COUNT(*) AS "numrows"
FROM "tamu"
WHERE EXTRACT(MONTH FROM created_at) = \'08\'
AND EXTRACT(YEAR FROM created_at) = \'2025\'')
 4 SYSTEMPATH\Database\BaseConnection.php(652): CodeIgniter\Database\BaseConnection->simpleQuery('SELECT COUNT(*) AS "numrows"
FROM "tamu"
WHERE EXTRACT(MONTH FROM created_at) = \'08\'
AND EXTRACT(YEAR FROM created_at) = \'2025\'')
 5 SYSTEMPATH\Database\BaseBuilder.php(1733): CodeIgniter\Database\BaseConnection->query('SELECT COUNT(*) AS "numrows"
FROM "tamu"
WHERE EXTRACT(MONTH FROM created_at) = :EXTRACT(MONTH FROM created_at):
AND EXTRACT(YEAR FROM created_at) = :EXTRACT(YEAR FROM created_at):', [...], false)
 6 SYSTEMPATH\Model.php(676): CodeIgniter\Database\BaseBuilder->countAllResults(true)
 7 APPPATH\Controllers\Admin\Dashboard.php(26): CodeIgniter\Model->countAllResults()
 8 SYSTEMPATH\CodeIgniter.php(933): App\Controllers\Admin\Dashboard->index()
 9 SYSTEMPATH\CodeIgniter.php(507): CodeIgniter\CodeIgniter->runController(Object(App\Controllers\Admin\Dashboard))
10 SYSTEMPATH\CodeIgniter.php(354): CodeIgniter\CodeIgniter->handleRequest(null, Object(Config\Cache), false)
11 SYSTEMPATH\Boot.php(334): CodeIgniter\CodeIgniter->run()
12 SYSTEMPATH\Boot.php(67): CodeIgniter\Boot::runCodeIgniter(Object(CodeIgniter\CodeIgniter))
13 FCPATH\index.php(60): CodeIgniter\Boot::bootWeb(Object(Config\Paths))
DEBUG - 2025-08-11 01:20:58 --> Session: Class initialized using 'CodeIgniter\Session\Handlers\FileHandler' driver.
CRITICAL - 2025-08-11 01:26:58 --> ParseError: syntax error, unexpected token "=>", expecting ")"
[Method: GET, Route: /]
in APPPATH\Controllers\user\UserForm.php on line 45.
 1 SYSTEMPATH\Autoloader\Autoloader.php(295): CodeIgniter\Autoloader\Autoloader->includeFile('D:\\Laragon\\www\\bukutamu_x_LOGIN\\app\\Controllers\\User\\UserForm.php')
 2 SYSTEMPATH\Autoloader\Autoloader.php(271): CodeIgniter\Autoloader\Autoloader->loadInNamespace('App\\Controllers\\User\\UserForm')
 3 [internal function]: CodeIgniter\Autoloader\Autoloader->loadClass('App\\Controllers\\User\\UserForm')
 4 SYSTEMPATH\CodeIgniter.php(885): class_exists('\\App\\Controllers\\User\\UserForm', true)
 5 SYSTEMPATH\CodeIgniter.php(494): CodeIgniter\CodeIgniter->startController()
 6 SYSTEMPATH\CodeIgniter.php(354): CodeIgniter\CodeIgniter->handleRequest(null, Object(Config\Cache), false)
 7 SYSTEMPATH\Boot.php(334): CodeIgniter\CodeIgniter->run()
 8 SYSTEMPATH\Boot.php(67): CodeIgniter\Boot::runCodeIgniter(Object(CodeIgniter\CodeIgniter))
 9 FCPATH\index.php(60): CodeIgniter\Boot::bootWeb(Object(Config\Paths))
DEBUG - 2025-08-11 01:27:54 --> Session: Class initialized using 'CodeIgniter\Session\Handlers\FileHandler' driver.
INFO - 2025-08-11 01:28:17 --> CSRF token verified.
DEBUG - 2025-08-11 01:28:18 --> Session: Class initialized using 'CodeIgniter\Session\Handlers\FileHandler' driver.
DEBUG - 2025-08-11 01:28:18 --> Session: Class initialized using 'CodeIgniter\Session\Handlers\FileHandler' driver.
DEBUG - 2025-08-11 01:28:25 --> Session: Class initialized using 'CodeIgniter\Session\Handlers\FileHandler' driver.
DEBUG - 2025-08-11 01:29:35 --> Session: Class initialized using 'CodeIgniter\Session\Handlers\FileHandler' driver.
DEBUG - 2025-08-11 01:30:33 --> Session: Class initialized using 'CodeIgniter\Session\Handlers\FileHandler' driver.
DEBUG - 2025-08-11 01:30:49 --> Session: Class initialized using 'CodeIgniter\Session\Handlers\FileHandler' driver.
DEBUG - 2025-08-11 01:30:51 --> Session: Class initialized using 'CodeIgniter\Session\Handlers\FileHandler' driver.
INFO - 2025-08-11 01:32:29 --> CSRF token verified.
DEBUG - 2025-08-11 01:32:29 --> Session: Class initialized using 'CodeIgniter\Session\Handlers\FileHandler' driver.
DEBUG - 2025-08-11 01:32:29 --> Session: Class initialized using 'CodeIgniter\Session\Handlers\FileHandler' driver.
DEBUG - 2025-08-11 01:32:32 --> Session: Class initialized using 'CodeIgniter\Session\Handlers\FileHandler' driver.
DEBUG - 2025-08-11 01:32:57 --> Session: Class initialized using 'CodeIgniter\Session\Handlers\FileHandler' driver.
DEBUG - 2025-08-11 01:33:02 --> Session: Class initialized using 'CodeIgniter\Session\Handlers\FileHandler' driver.
DEBUG - 2025-08-11 01:33:06 --> Session: Class initialized using 'CodeIgniter\Session\Handlers\FileHandler' driver.
DEBUG - 2025-08-11 01:35:59 --> Session: Class initialized using 'CodeIgniter\Session\Handlers\FileHandler' driver.
DEBUG - 2025-08-11 01:36:02 --> Session: Class initialized using 'CodeIgniter\Session\Handlers\FileHandler' driver.
DEBUG - 2025-08-11 01:36:09 --> Session: Class initialized using 'CodeIgniter\Session\Handlers\FileHandler' driver.
DEBUG - 2025-08-11 01:36:36 --> Session: Class initialized using 'CodeIgniter\Session\Handlers\FileHandler' driver.
DEBUG - 2025-08-11 01:36:43 --> Session: Class initialized using 'CodeIgniter\Session\Handlers\FileHandler' driver.
DEBUG - 2025-08-11 01:36:43 --> Session: Class initialized using 'CodeIgniter\Session\Handlers\FileHandler' driver.
DEBUG - 2025-08-11 01:36:57 --> Session: Class initialized using 'CodeIgniter\Session\Handlers\FileHandler' driver.
DEBUG - 2025-08-11 01:36:58 --> Session: Class initialized using 'CodeIgniter\Session\Handlers\FileHandler' driver.
INFO - 2025-08-11 01:39:55 --> CSRF token verified.
DEBUG - 2025-08-11 01:39:55 --> Session: Class initialized using 'CodeIgniter\Session\Handlers\FileHandler' driver.
DEBUG - 2025-08-11 01:39:55 --> Session: Class initialized using 'CodeIgniter\Session\Handlers\FileHandler' driver.
DEBUG - 2025-08-11 01:40:07 --> Session: Class initialized using 'CodeIgniter\Session\Handlers\FileHandler' driver.
INFO - 2025-08-11 01:40:34 --> CSRF token verified.
DEBUG - 2025-08-11 01:40:35 --> Session: Class initialized using 'CodeIgniter\Session\Handlers\FileHandler' driver.
DEBUG - 2025-08-11 01:40:35 --> Session: Class initialized using 'CodeIgniter\Session\Handlers\FileHandler' driver.
DEBUG - 2025-08-11 01:40:38 --> Session: Class initialized using 'CodeIgniter\Session\Handlers\FileHandler' driver.
DEBUG - 2025-08-11 01:40:56 --> Session: Class initialized using 'CodeIgniter\Session\Handlers\FileHandler' driver.
DEBUG - 2025-08-11 01:40:58 --> Session: Class initialized using 'CodeIgniter\Session\Handlers\FileHandler' driver.
CRITICAL - 2025-08-11 01:40:58 --> CodeIgniter\View\Exceptions\ViewException: Invalid file: "admin/print.php"
[Method: GET, Route: admin/tamu/print/4]
in SYSTEMPATH\Exceptions\FrameworkException.php on line 39.
 1 SYSTEMPATH\View\View.php(212): CodeIgniter\Exceptions\FrameworkException::forInvalidFile('admin/print.php')
 2 SYSTEMPATH\Common.php(1173): CodeIgniter\View\View->render('admin/print', [], true)
 3 APPPATH\Controllers\Admin\Dashboard.php(78): view('admin/print', [...])
 4 SYSTEMPATH\CodeIgniter.php(933): App\Controllers\Admin\Dashboard->print('4')
 5 SYSTEMPATH\CodeIgniter.php(507): CodeIgniter\CodeIgniter->runController(Object(App\Controllers\Admin\Dashboard))
 6 SYSTEMPATH\CodeIgniter.php(354): CodeIgniter\CodeIgniter->handleRequest(null, Object(Config\Cache), false)
 7 SYSTEMPATH\Boot.php(334): CodeIgniter\CodeIgniter->run()
 8 SYSTEMPATH\Boot.php(67): CodeIgniter\Boot::runCodeIgniter(Object(CodeIgniter\CodeIgniter))
 9 FCPATH\index.php(60): CodeIgniter\Boot::bootWeb(Object(Config\Paths))
DEBUG - 2025-08-11 01:41:15 --> Session: Class initialized using 'CodeIgniter\Session\Handlers\FileHandler' driver.
DEBUG - 2025-08-11 01:57:07 --> Session: Class initialized using 'CodeIgniter\Session\Handlers\FileHandler' driver.
CRITICAL - 2025-08-11 01:57:07 --> ParseError: syntax error, unexpected token "{"
[Method: GET, Route: admin]
in APPPATH\Controllers\Admin\Dashboard.php on line 90.
 1 SYSTEMPATH\Autoloader\Autoloader.php(295): CodeIgniter\Autoloader\Autoloader->includeFile('D:\\Laragon\\www\\bukutamu_x_LOGIN\\app\\Controllers\\Admin\\Dashboard.php')
 2 SYSTEMPATH\Autoloader\Autoloader.php(271): CodeIgniter\Autoloader\Autoloader->loadInNamespace('App\\Controllers\\Admin\\Dashboard')
 3 [internal function]: CodeIgniter\Autoloader\Autoloader->loadClass('App\\Controllers\\Admin\\Dashboard')
 4 SYSTEMPATH\CodeIgniter.php(885): class_exists('\\App\\Controllers\\Admin\\Dashboard', true)
 5 SYSTEMPATH\CodeIgniter.php(494): CodeIgniter\CodeIgniter->startController()
 6 SYSTEMPATH\CodeIgniter.php(354): CodeIgniter\CodeIgniter->handleRequest(null, Object(Config\Cache), false)
 7 SYSTEMPATH\Boot.php(334): CodeIgniter\CodeIgniter->run()
 8 SYSTEMPATH\Boot.php(67): CodeIgniter\Boot::runCodeIgniter(Object(CodeIgniter\CodeIgniter))
 9 FCPATH\index.php(60): CodeIgniter\Boot::bootWeb(Object(Config\Paths))
DEBUG - 2025-08-11 01:58:25 --> Session: Class initialized using 'CodeIgniter\Session\Handlers\FileHandler' driver.
DEBUG - 2025-08-11 01:58:32 --> Session: Class initialized using 'CodeIgniter\Session\Handlers\FileHandler' driver.
DEBUG - 2025-08-11 01:58:58 --> Session: Class initialized using 'CodeIgniter\Session\Handlers\FileHandler' driver.
DEBUG - 2025-08-11 01:59:02 --> Session: Class initialized using 'CodeIgniter\Session\Handlers\FileHandler' driver.
CRITICAL - 2025-08-11 01:59:03 --> CodeIgniter\View\Exceptions\ViewException: Invalid file: "template/admin_header_footer_print.php"
[Method: GET, Route: admin/tamu/print/4]
in SYSTEMPATH\Exceptions\FrameworkException.php on line 39.
 1 SYSTEMPATH\View\View.php(212): CodeIgniter\Exceptions\FrameworkException::forInvalidFile('template/admin_header_footer_print.php')
 2 SYSTEMPATH\View\View.php(240): CodeIgniter\View\View->render('template/admin_header_footer_print', [], true)
 3 SYSTEMPATH\Common.php(1173): CodeIgniter\View\View->render('admin/print', [], true)
 4 APPPATH\Controllers\Admin\Dashboard.php(78): view('admin/print', [...])
 5 SYSTEMPATH\CodeIgniter.php(933): App\Controllers\Admin\Dashboard->print('4')
 6 SYSTEMPATH\CodeIgniter.php(507): CodeIgniter\CodeIgniter->runController(Object(App\Controllers\Admin\Dashboard))
 7 SYSTEMPATH\CodeIgniter.php(354): CodeIgniter\CodeIgniter->handleRequest(null, Object(Config\Cache), false)
 8 SYSTEMPATH\Boot.php(334): CodeIgniter\CodeIgniter->run()
 9 SYSTEMPATH\Boot.php(67): CodeIgniter\Boot::runCodeIgniter(Object(CodeIgniter\CodeIgniter))
10 FCPATH\index.php(60): CodeIgniter\Boot::bootWeb(Object(Config\Paths))
DEBUG - 2025-08-11 02:00:14 --> Session: Class initialized using 'CodeIgniter\Session\Handlers\FileHandler' driver.
DEBUG - 2025-08-11 02:00:27 --> Session: Class initialized using 'CodeIgniter\Session\Handlers\FileHandler' driver.
DEBUG - 2025-08-11 02:00:30 --> Session: Class initialized using 'CodeIgniter\Session\Handlers\FileHandler' driver.
DEBUG - 2025-08-11 02:00:55 --> Session: Class initialized using 'CodeIgniter\Session\Handlers\FileHandler' driver.
DEBUG - 2025-08-11 02:03:07 --> Session: Class initialized using 'CodeIgniter\Session\Handlers\FileHandler' driver.
DEBUG - 2025-08-11 02:03:10 --> Session: Class initialized using 'CodeIgniter\Session\Handlers\FileHandler' driver.
DEBUG - 2025-08-11 02:03:12 --> Session: Class initialized using 'CodeIgniter\Session\Handlers\FileHandler' driver.
DEBUG - 2025-08-11 02:03:43 --> Session: Class initialized using 'CodeIgniter\Session\Handlers\FileHandler' driver.
DEBUG - 2025-08-11 02:04:09 --> Session: Class initialized using 'CodeIgniter\Session\Handlers\FileHandler' driver.
DEBUG - 2025-08-11 02:08:44 --> Session: Class initialized using 'CodeIgniter\Session\Handlers\FileHandler' driver.
DEBUG - 2025-08-11 02:10:00 --> Session: Class initialized using 'CodeIgniter\Session\Handlers\FileHandler' driver.
DEBUG - 2025-08-11 02:10:11 --> Session: Class initialized using 'CodeIgniter\Session\Handlers\FileHandler' driver.
DEBUG - 2025-08-11 02:10:21 --> Session: Class initialized using 'CodeIgniter\Session\Handlers\FileHandler' driver.
DEBUG - 2025-08-11 02:10:23 --> Session: Class initialized using 'CodeIgniter\Session\Handlers\FileHandler' driver.
DEBUG - 2025-08-11 02:13:25 --> Session: Class initialized using 'CodeIgniter\Session\Handlers\FileHandler' driver.
DEBUG - 2025-08-11 02:14:55 --> Session: Class initialized using 'CodeIgniter\Session\Handlers\FileHandler' driver.
DEBUG - 2025-08-11 02:16:16 --> Session: Class initialized using 'CodeIgniter\Session\Handlers\FileHandler' driver.
DEBUG - 2025-08-11 02:16:48 --> Session: Class initialized using 'CodeIgniter\Session\Handlers\FileHandler' driver.
DEBUG - 2025-08-11 02:17:17 --> Session: Class initialized using 'CodeIgniter\Session\Handlers\FileHandler' driver.
DEBUG - 2025-08-11 02:17:49 --> Session: Class initialized using 'CodeIgniter\Session\Handlers\FileHandler' driver.
DEBUG - 2025-08-11 02:27:30 --> Session: Class initialized using 'CodeIgniter\Session\Handlers\FileHandler' driver.
DEBUG - 2025-08-11 02:27:34 --> Session: Class initialized using 'CodeIgniter\Session\Handlers\FileHandler' driver.
DEBUG - 2025-08-11 02:27:34 --> Session: Class initialized using 'CodeIgniter\Session\Handlers\FileHandler' driver.
DEBUG - 2025-08-11 02:27:46 --> Session: Class initialized using 'CodeIgniter\Session\Handlers\FileHandler' driver.
DEBUG - 2025-08-11 03:07:36 --> Session: Class initialized using 'CodeIgniter\Session\Handlers\FileHandler' driver.
DEBUG - 2025-08-11 03:07:41 --> Session: Class initialized using 'CodeIgniter\Session\Handlers\FileHandler' driver.
DEBUG - 2025-08-11 03:09:56 --> Session: Class initialized using 'CodeIgniter\Session\Handlers\FileHandler' driver.
DEBUG - 2025-08-11 03:12:14 --> Session: Class initialized using 'CodeIgniter\Session\Handlers\FileHandler' driver.
DEBUG - 2025-08-11 03:12:16 --> Session: Class initialized using 'CodeIgniter\Session\Handlers\FileHandler' driver.
INFO - 2025-08-11 03:16:01 --> CSRF token verified.
DEBUG - 2025-08-11 03:16:01 --> Session: Class initialized using 'CodeIgniter\Session\Handlers\FileHandler' driver.
INFO - 2025-08-11 03:16:10 --> CSRF token verified.
DEBUG - 2025-08-11 03:16:10 --> Session: Class initialized using 'CodeIgniter\Session\Handlers\FileHandler' driver.
DEBUG - 2025-08-11 03:16:11 --> Session: Class initialized using 'CodeIgniter\Session\Handlers\FileHandler' driver.
INFO - 2025-08-11 03:16:14 --> CSRF token verified.
DEBUG - 2025-08-11 03:16:14 --> Session: Class initialized using 'CodeIgniter\Session\Handlers\FileHandler' driver.
DEBUG - 2025-08-11 03:21:55 --> Session: Class initialized using 'CodeIgniter\Session\Handlers\FileHandler' driver.
DEBUG - 2025-08-11 03:22:10 --> Session: Class initialized using 'CodeIgniter\Session\Handlers\FileHandler' driver.
